#! /c/Source/iverilog-install/bin/vvp
:ivl_version "12.0 (devel)" "(s20150603-1110-g18392a46)";
:ivl_delay_selection "TYPICAL";
:vpi_time_precision - 7;
:vpi_module "C:\iverilog\lib\ivl\system.vpi";
:vpi_module "C:\iverilog\lib\ivl\vhdl_sys.vpi";
:vpi_module "C:\iverilog\lib\ivl\vhdl_textio.vpi";
:vpi_module "C:\iverilog\lib\ivl\v2005_math.vpi";
:vpi_module "C:\iverilog\lib\ivl\va_math.vpi";
S_000002556c20bf90 .scope module, "Memoria_tb" "Memoria_tb" 2 10;
 .timescale -6 -7;
v000002556c4c5dc0_0 .net "bit_de_control_escritura", 0 0, v000002556c29b020_0;  1 drivers
v000002556c4c5e60_0 .net "bus_de_datos_entrada", 31 0, L_000002556c29df00;  1 drivers
v000002556c4c6040_0 .net "bus_de_datos_salida", 31 0, v000002556c4c2ba0_0;  1 drivers
v000002556c4c6360_0 .net "bus_de_direcciones", 15 0, v000002556c4c2420_0;  1 drivers
v000002556c4c6900_0 .var "clk", 0 0;
v000002556c4c6400_0 .var "reset", 0 0;
S_000002556c20c120 .scope module, "cpu" "CPU" 2 30, 3 27 0, S_000002556c20bf90;
 .timescale 0 0;
    .port_info 0 /OUTPUT 32 "MBR_W";
    .port_info 1 /OUTPUT 1 "write";
    .port_info 2 /OUTPUT 16 "MAR";
    .port_info 3 /INPUT 32 "MBR_R";
    .port_info 4 /INPUT 1 "reset";
    .port_info 5 /INPUT 1 "clk";
P_000002556c1e0580 .param/l "BITS_ADDR" 0 3 30, +C4<00000000000000000000000000010000>;
P_000002556c1e05b8 .param/l "BITS_DATA" 0 3 29, +C4<00000000000000000000000000100000>;
v000002556c4c2060_0 .net "C", 0 0, v000002556c20c2b0_0;  1 drivers
v000002556c4c21a0_0 .var "IR", 31 0;
v000002556c4c2420_0 .var "MAR", 15 0;
v000002556c4c2c40_0 .net "MBR_R", 31 0, L_000002556c29df00;  alias, 1 drivers
v000002556c4c2ba0_0 .var "MBR_W", 31 0;
v000002556c4c2ce0_0 .net "O", 0 0, v000002556c25c750_0;  1 drivers
v000002556c4c2600_0 .var "PC", 15 0;
v000002556c4c2d80_0 .net "S", 0 0, v000002556c25e800_0;  1 drivers
v000002556c4c2e20_0 .net "Z", 0 0, v000002556c214930_0;  1 drivers
v000002556c4c2ec0_0 .var "addressRegistrosEscritura", 2 0;
v000002556c4c2f60_0 .var "addressRegistrosLectura01", 2 0;
v000002556c4c24c0_0 .var "addressRegistrosLectura02", 2 0;
v000002556c29b5c0_0 .net "clk", 0 0, v000002556c4c6900_0;  1 drivers
v000002556c29b2a0_0 .var "direccionMemoria", 15 0;
v000002556c29abc0_0 .var "entradaRegistros", 31 0;
v000002556c29b200_0 .var "nuevaDirrecion", 15 0;
v000002556c29ac60_0 .var "opcode", 7 0;
v000002556c29c740_0 .var "opcodeReduced", 4 0;
v000002556c29c560_0 .var "operandoA", 31 0;
v000002556c29ba20_0 .var "operandoB", 31 0;
v000002556c29c7e0_0 .net "reset", 0 0, v000002556c4c6400_0;  1 drivers
v000002556c29c420_0 .net "resultado", 31 0, v000002556c4c2740_0;  1 drivers
v000002556c29c4c0_0 .var "resultadoReg", 31 0;
v000002556c29b520_0 .net "salidaRegistros01", 31 0, v000002556c4c2380_0;  1 drivers
v000002556c29b700_0 .net "salidaRegistros02", 31 0, v000002556c4c2b00_0;  1 drivers
v000002556c29bde0_0 .var "salidaRegistrosReg01", 31 0;
v000002556c29aee0_0 .var "salidaRegistrosReg02", 31 0;
v000002556c29b0c0_0 .var "saltoIntruccion", 12 0;
v000002556c29ad00_0 .var "stage", 3 0;
v000002556c29ada0_0 .var "valorInmediato", 15 0;
v000002556c29b020_0 .var "write", 0 0;
v000002556c29c2e0_0 .var "writeRegistros", 0 0;
E_000002556c253090/0 .event anyedge, v000002556c29c7e0_0;
E_000002556c253090/1 .event posedge, v000002556c4c2240_0;
E_000002556c253090 .event/or E_000002556c253090/0, E_000002556c253090/1;
S_000002556c2147a0 .scope module, "alu" "ALU" 3 231, 4 12 0, S_000002556c20c120;
 .timescale 0 0;
    .port_info 0 /OUTPUT 32 "resultado";
    .port_info 1 /OUTPUT 1 "C";
    .port_info 2 /OUTPUT 1 "S";
    .port_info 3 /OUTPUT 1 "O";
    .port_info 4 /OUTPUT 1 "Z";
    .port_info 5 /INPUT 32 "operando_a";
    .port_info 6 /INPUT 32 "operando_b";
    .port_info 7 /INPUT 5 "opcode";
P_000002556c252d90 .param/l "BITS_DATA" 0 4 13, +C4<00000000000000000000000000100000>;
v000002556c20c2b0_0 .var "C", 0 0;
v000002556c25c750_0 .var "O", 0 0;
v000002556c25e800_0 .var "S", 0 0;
v000002556c214930_0 .var "Z", 0 0;
v000002556c2149d0_0 .net "opcode", 4 0, v000002556c29c740_0;  1 drivers
v000002556c4c26a0_0 .net "operando_a", 31 0, v000002556c29c560_0;  1 drivers
v000002556c4c2920_0 .net "operando_b", 31 0, v000002556c29ba20_0;  1 drivers
v000002556c4c2740_0 .var "resultado", 31 0;
v000002556c4c29c0_0 .var "resultado64", 63 0;
E_000002556c253150/0 .event anyedge, v000002556c2149d0_0, v000002556c4c26a0_0, v000002556c4c2740_0, v000002556c4c2920_0;
E_000002556c253150/1 .event anyedge, v000002556c4c29c0_0;
E_000002556c253150 .event/or E_000002556c253150/0, E_000002556c253150/1;
S_000002556c214a70 .scope module, "registros" "registersArray" 3 233, 5 10 0, S_000002556c20c120;
 .timescale 0 0;
    .port_info 0 /INPUT 32 "inputData";
    .port_info 1 /INPUT 3 "dirrInput";
    .port_info 2 /INPUT 3 "dirrOutput1";
    .port_info 3 /INPUT 3 "dirrOutput2";
    .port_info 4 /OUTPUT 32 "outputData1";
    .port_info 5 /OUTPUT 32 "outputData2";
    .port_info 6 /INPUT 1 "write_en";
    .port_info 7 /INPUT 1 "clk";
P_000002556c1e0500 .param/l "BITS_ADDR" 0 5 12, +C4<00000000000000000000000000000011>;
P_000002556c1e0538 .param/l "BITS_DATA" 0 5 11, +C4<00000000000000000000000000100000>;
v000002556c4c2240_0 .net "clk", 0 0, v000002556c4c6900_0;  alias, 1 drivers
v000002556c4c2100_0 .net "dirrInput", 2 0, v000002556c4c2ec0_0;  1 drivers
v000002556c4c22e0_0 .net "dirrOutput1", 2 0, v000002556c4c2f60_0;  1 drivers
v000002556c4c2a60_0 .net "dirrOutput2", 2 0, v000002556c4c24c0_0;  1 drivers
v000002556c4c27e0_0 .net "inputData", 31 0, v000002556c29abc0_0;  1 drivers
v000002556c4c2380_0 .var "outputData1", 31 0;
v000002556c4c2b00_0 .var "outputData2", 31 0;
v000002556c4c2560 .array "registersArray", 0 7, 31 0;
v000002556c4c2880_0 .net "write_en", 0 0, v000002556c29c2e0_0;  1 drivers
E_000002556c252690/0 .event anyedge, v000002556c4c2a60_0;
E_000002556c252690/1 .event posedge, v000002556c4c2240_0;
E_000002556c252690 .event/or E_000002556c252690/0, E_000002556c252690/1;
E_000002556c252a90/0 .event anyedge, v000002556c4c22e0_0;
E_000002556c252a90/1 .event posedge, v000002556c4c2240_0;
E_000002556c252a90 .event/or E_000002556c252a90/0, E_000002556c252a90/1;
E_000002556c253290 .event negedge, v000002556c4c2240_0;
S_000002556c211e30 .scope module, "mem" "Mem_D32b_A16b" 2 37, 6 18 0, S_000002556c20bf90;
 .timescale 0 0;
    .port_info 0 /OUTPUT 32 "data_out";
    .port_info 1 /INPUT 32 "data_in";
    .port_info 2 /INPUT 16 "address";
    .port_info 3 /INPUT 1 "write";
    .port_info 4 /INPUT 1 "clk";
P_000002556c1dfb00 .param/l "BITS_ADDR" 0 6 20, +C4<00000000000000000000000000010000>;
P_000002556c1dfb38 .param/l "BITS_DATA" 0 6 19, +C4<00000000000000000000000000100000>;
L_000002556c29df00 .functor BUFZ 32, L_000002556c4c69a0, C4<00000000000000000000000000000000>, C4<00000000000000000000000000000000>, C4<00000000000000000000000000000000>;
v000002556c4c6720_0 .net *"_ivl_0", 31 0, L_000002556c4c69a0;  1 drivers
v000002556c4c7760_0 .net *"_ivl_2", 17 0, L_000002556ccb6020;  1 drivers
L_000002556ccb7048 .functor BUFT 1, C4<00>, C4<0>, C4<0>, C4<0>;
v000002556c4c5c80_0 .net *"_ivl_5", 1 0, L_000002556ccb7048;  1 drivers
v000002556c4c62c0_0 .net "address", 15 0, v000002556c4c2420_0;  alias, 1 drivers
v000002556c4c7800_0 .net "clk", 0 0, v000002556c4c6900_0;  alias, 1 drivers
v000002556c4c5f00 .array "data", 0 65535, 31 0;
v000002556c4c5960_0 .net "data_in", 31 0, v000002556c4c2ba0_0;  alias, 1 drivers
v000002556c4c5a00_0 .net "data_out", 31 0, L_000002556c29df00;  alias, 1 drivers
v000002556c4c5aa0_0 .net "write", 0 0, v000002556c29b020_0;  alias, 1 drivers
L_000002556c4c69a0 .array/port v000002556c4c5f00, L_000002556ccb6020;
L_000002556ccb6020 .concat [ 16 2 0 0], v000002556c4c2420_0, L_000002556ccb7048;
S_000002556c211fc0 .scope generate, "register[0]" "register[0]" 6 60, 6 60 0, S_000002556c211e30;
 .timescale 0 0;
P_000002556c253190 .param/l "idx" 0 6 60, +C4<00>;
v000002556c4c5f00_0 .array/port v000002556c4c5f00, 0;
L_000002556c23b7d0 .functor BUFZ 32, v000002556c4c5f00_0, C4<00000000000000000000000000000000>, C4<00000000000000000000000000000000>, C4<00000000000000000000000000000000>;
v000002556c29b660_0 .net "tmp", 31 0, L_000002556c23b7d0;  1 drivers
S_000002556c1fc070 .scope generate, "register[1]" "register[1]" 6 60, 6 60 0, S_000002556c211e30;
 .timescale 0 0;
P_000002556c2531d0 .param/l "idx" 0 6 60, +C4<01>;
v000002556c4c5f00_1 .array/port v000002556c4c5f00, 1;
L_000002556c23b990 .functor BUFZ 32, v000002556c4c5f00_1, C4<00000000000000000000000000000000>, C4<00000000000000000000000000000000>, C4<00000000000000000000000000000000>;
v000002556c29c600_0 .net "tmp", 31 0, L_000002556c23b990;  1 drivers
S_000002556c1fc200 .scope generate, "register[2]" "register[2]" 6 60, 6 60 0, S_000002556c211e30;
 .timescale 0 0;
P_000002556c252910 .param/l "idx" 0 6 60, +C4<010>;
v000002556c4c5f00_2 .array/port v000002556c4c5f00, 2;
L_000002556c23b6f0 .functor BUFZ 32, v000002556c4c5f00_2, C4<00000000000000000000000000000000>, C4<00000000000000000000000000000000>, C4<00000000000000000000000000000000>;
v000002556c29c6a0_0 .net "tmp", 31 0, L_000002556c23b6f0;  1 drivers
S_000002556c1fc390 .scope generate, "register[3]" "register[3]" 6 60, 6 60 0, S_000002556c211e30;
 .timescale 0 0;
P_000002556c253510 .param/l "idx" 0 6 60, +C4<011>;
v000002556c4c5f00_3 .array/port v000002556c4c5f00, 3;
L_000002556c23bb50 .functor BUFZ 32, v000002556c4c5f00_3, C4<00000000000000000000000000000000>, C4<00000000000000000000000000000000>, C4<00000000000000000000000000000000>;
v000002556c29bca0_0 .net "tmp", 31 0, L_000002556c23bb50;  1 drivers
S_000002556c1b2760 .scope generate, "register[4]" "register[4]" 6 60, 6 60 0, S_000002556c211e30;
 .timescale 0 0;
P_000002556c252e10 .param/l "idx" 0 6 60, +C4<0100>;
v000002556c4c5f00_4 .array/port v000002556c4c5f00, 4;
L_000002556c23b760 .functor BUFZ 32, v000002556c4c5f00_4, C4<00000000000000000000000000000000>, C4<00000000000000000000000000000000>, C4<00000000000000000000000000000000>;
v000002556c29c240_0 .net "tmp", 31 0, L_000002556c23b760;  1 drivers
S_000002556c1b28f0 .scope generate, "register[5]" "register[5]" 6 60, 6 60 0, S_000002556c211e30;
 .timescale 0 0;
P_000002556c252e50 .param/l "idx" 0 6 60, +C4<0101>;
v000002556c4c5f00_5 .array/port v000002556c4c5f00, 5;
L_000002556c23b8b0 .functor BUFZ 32, v000002556c4c5f00_5, C4<00000000000000000000000000000000>, C4<00000000000000000000000000000000>, C4<00000000000000000000000000000000>;
v000002556c29b340_0 .net "tmp", 31 0, L_000002556c23b8b0;  1 drivers
S_000002556c1b2a80 .scope generate, "register[6]" "register[6]" 6 60, 6 60 0, S_000002556c211e30;
 .timescale 0 0;
P_000002556c253550 .param/l "idx" 0 6 60, +C4<0110>;
v000002556c4c5f00_6 .array/port v000002556c4c5f00, 6;
L_000002556c23b5a0 .functor BUFZ 32, v000002556c4c5f00_6, C4<00000000000000000000000000000000>, C4<00000000000000000000000000000000>, C4<00000000000000000000000000000000>;
v000002556c29bb60_0 .net "tmp", 31 0, L_000002556c23b5a0;  1 drivers
S_000002556c4c3020 .scope generate, "register[7]" "register[7]" 6 60, 6 60 0, S_000002556c211e30;
 .timescale 0 0;
P_000002556c2535d0 .param/l "idx" 0 6 60, +C4<0111>;
v000002556c4c5f00_7 .array/port v000002556c4c5f00, 7;
L_000002556c23b920 .functor BUFZ 32, v000002556c4c5f00_7, C4<00000000000000000000000000000000>, C4<00000000000000000000000000000000>, C4<00000000000000000000000000000000>;
v000002556c29b7a0_0 .net "tmp", 31 0, L_000002556c23b920;  1 drivers
S_000002556c4c31b0 .scope generate, "register[8]" "register[8]" 6 60, 6 60 0, S_000002556c211e30;
 .timescale 0 0;
P_000002556c252f10 .param/l "idx" 0 6 60, +C4<01000>;
v000002556c4c5f00_8 .array/port v000002556c4c5f00, 8;
L_000002556c23b3e0 .functor BUFZ 32, v000002556c4c5f00_8, C4<00000000000000000000000000000000>, C4<00000000000000000000000000000000>, C4<00000000000000000000000000000000>;
v000002556c29c380_0 .net "tmp", 31 0, L_000002556c23b3e0;  1 drivers
S_000002556c4c3340 .scope generate, "register[9]" "register[9]" 6 60, 6 60 0, S_000002556c211e30;
 .timescale 0 0;
P_000002556c253610 .param/l "idx" 0 6 60, +C4<01001>;
v000002556c4c5f00_9 .array/port v000002556c4c5f00, 9;
L_000002556c23ba00 .functor BUFZ 32, v000002556c4c5f00_9, C4<00000000000000000000000000000000>, C4<00000000000000000000000000000000>, C4<00000000000000000000000000000000>;
v000002556c29bac0_0 .net "tmp", 31 0, L_000002556c23ba00;  1 drivers
S_000002556c4c34d0 .scope generate, "register[10]" "register[10]" 6 60, 6 60 0, S_000002556c211e30;
 .timescale 0 0;
P_000002556c252810 .param/l "idx" 0 6 60, +C4<01010>;
v000002556c4c5f00_10 .array/port v000002556c4c5f00, 10;
L_000002556c23b450 .functor BUFZ 32, v000002556c4c5f00_10, C4<00000000000000000000000000000000>, C4<00000000000000000000000000000000>, C4<00000000000000000000000000000000>;
v000002556c29be80_0 .net "tmp", 31 0, L_000002556c23b450;  1 drivers
S_000002556c4c3660 .scope generate, "register[11]" "register[11]" 6 60, 6 60 0, S_000002556c211e30;
 .timescale 0 0;
P_000002556c252850 .param/l "idx" 0 6 60, +C4<01011>;
v000002556c4c5f00_11 .array/port v000002556c4c5f00, 11;
L_000002556c23bbc0 .functor BUFZ 32, v000002556c4c5f00_11, C4<00000000000000000000000000000000>, C4<00000000000000000000000000000000>, C4<00000000000000000000000000000000>;
v000002556c29c880_0 .net "tmp", 31 0, L_000002556c23bbc0;  1 drivers
S_000002556c29cf40 .scope generate, "register[12]" "register[12]" 6 60, 6 60 0, S_000002556c211e30;
 .timescale 0 0;
P_000002556c252950 .param/l "idx" 0 6 60, +C4<01100>;
v000002556c4c5f00_12 .array/port v000002556c4c5f00, 12;
L_000002556c23b140 .functor BUFZ 32, v000002556c4c5f00_12, C4<00000000000000000000000000000000>, C4<00000000000000000000000000000000>, C4<00000000000000000000000000000000>;
v000002556c29b840_0 .net "tmp", 31 0, L_000002556c23b140;  1 drivers
S_000002556c29d710 .scope generate, "register[13]" "register[13]" 6 60, 6 60 0, S_000002556c211e30;
 .timescale 0 0;
P_000002556c2529d0 .param/l "idx" 0 6 60, +C4<01101>;
v000002556c4c5f00_13 .array/port v000002556c4c5f00, 13;
L_000002556c23bed0 .functor BUFZ 32, v000002556c4c5f00_13, C4<00000000000000000000000000000000>, C4<00000000000000000000000000000000>, C4<00000000000000000000000000000000>;
v000002556c29b3e0_0 .net "tmp", 31 0, L_000002556c23bed0;  1 drivers
S_000002556c29cc20 .scope generate, "register[14]" "register[14]" 6 60, 6 60 0, S_000002556c211e30;
 .timescale 0 0;
P_000002556c252a10 .param/l "idx" 0 6 60, +C4<01110>;
v000002556c4c5f00_14 .array/port v000002556c4c5f00, 14;
L_000002556c23b610 .functor BUFZ 32, v000002556c4c5f00_14, C4<00000000000000000000000000000000>, C4<00000000000000000000000000000000>, C4<00000000000000000000000000000000>;
v000002556c29bf20_0 .net "tmp", 31 0, L_000002556c23b610;  1 drivers
S_000002556c29ca90 .scope generate, "register[15]" "register[15]" 6 60, 6 60 0, S_000002556c211e30;
 .timescale 0 0;
P_000002556c252ad0 .param/l "idx" 0 6 60, +C4<01111>;
v000002556c4c5f00_15 .array/port v000002556c4c5f00, 15;
L_000002556c23b840 .functor BUFZ 32, v000002556c4c5f00_15, C4<00000000000000000000000000000000>, C4<00000000000000000000000000000000>, C4<00000000000000000000000000000000>;
v000002556c29c1a0_0 .net "tmp", 31 0, L_000002556c23b840;  1 drivers
S_000002556c29d0d0 .scope generate, "register[16]" "register[16]" 6 60, 6 60 0, S_000002556c211e30;
 .timescale 0 0;
P_000002556c253a10 .param/l "idx" 0 6 60, +C4<010000>;
v000002556c4c5f00_16 .array/port v000002556c4c5f00, 16;
L_000002556c23c020 .functor BUFZ 32, v000002556c4c5f00_16, C4<00000000000000000000000000000000>, C4<00000000000000000000000000000000>, C4<00000000000000000000000000000000>;
v000002556c29c920_0 .net "tmp", 31 0, L_000002556c23c020;  1 drivers
S_000002556c29d8a0 .scope generate, "register[17]" "register[17]" 6 60, 6 60 0, S_000002556c211e30;
 .timescale 0 0;
P_000002556c253810 .param/l "idx" 0 6 60, +C4<010001>;
v000002556c4c5f00_17 .array/port v000002556c4c5f00, 17;
L_000002556c23bd10 .functor BUFZ 32, v000002556c4c5f00_17, C4<00000000000000000000000000000000>, C4<00000000000000000000000000000000>, C4<00000000000000000000000000000000>;
v000002556c29b8e0_0 .net "tmp", 31 0, L_000002556c23bd10;  1 drivers
S_000002556c29d260 .scope generate, "register[18]" "register[18]" 6 60, 6 60 0, S_000002556c211e30;
 .timescale 0 0;
P_000002556c253790 .param/l "idx" 0 6 60, +C4<010010>;
v000002556c4c5f00_18 .array/port v000002556c4c5f00, 18;
L_000002556c23ba70 .functor BUFZ 32, v000002556c4c5f00_18, C4<00000000000000000000000000000000>, C4<00000000000000000000000000000000>, C4<00000000000000000000000000000000>;
v000002556c29b980_0 .net "tmp", 31 0, L_000002556c23ba70;  1 drivers
S_000002556c29cdb0 .scope generate, "register[19]" "register[19]" 6 60, 6 60 0, S_000002556c211e30;
 .timescale 0 0;
P_000002556c253950 .param/l "idx" 0 6 60, +C4<010011>;
v000002556c4c5f00_19 .array/port v000002556c4c5f00, 19;
L_000002556c23be60 .functor BUFZ 32, v000002556c4c5f00_19, C4<00000000000000000000000000000000>, C4<00000000000000000000000000000000>, C4<00000000000000000000000000000000>;
v000002556c29c100_0 .net "tmp", 31 0, L_000002556c23be60;  1 drivers
S_000002556c29d3f0 .scope generate, "register[20]" "register[20]" 6 60, 6 60 0, S_000002556c211e30;
 .timescale 0 0;
P_000002556c253f50 .param/l "idx" 0 6 60, +C4<010100>;
v000002556c4c5f00_20 .array/port v000002556c4c5f00, 20;
L_000002556c23bae0 .functor BUFZ 32, v000002556c4c5f00_20, C4<00000000000000000000000000000000>, C4<00000000000000000000000000000000>, C4<00000000000000000000000000000000>;
v000002556c29bfc0_0 .net "tmp", 31 0, L_000002556c23bae0;  1 drivers
S_000002556c29d580 .scope generate, "register[21]" "register[21]" 6 60, 6 60 0, S_000002556c211e30;
 .timescale 0 0;
P_000002556c253650 .param/l "idx" 0 6 60, +C4<010101>;
v000002556c4c5f00_21 .array/port v000002556c4c5f00, 21;
L_000002556c23bc30 .functor BUFZ 32, v000002556c4c5f00_21, C4<00000000000000000000000000000000>, C4<00000000000000000000000000000000>, C4<00000000000000000000000000000000>;
v000002556c29aa80_0 .net "tmp", 31 0, L_000002556c23bc30;  1 drivers
S_000002556c4c4da0 .scope generate, "register[22]" "register[22]" 6 60, 6 60 0, S_000002556c211e30;
 .timescale 0 0;
P_000002556c2536d0 .param/l "idx" 0 6 60, +C4<010110>;
v000002556c4c5f00_22 .array/port v000002556c4c5f00, 22;
L_000002556c23b1b0 .functor BUFZ 32, v000002556c4c5f00_22, C4<00000000000000000000000000000000>, C4<00000000000000000000000000000000>, C4<00000000000000000000000000000000>;
v000002556c29c060_0 .net "tmp", 31 0, L_000002556c23b1b0;  1 drivers
S_000002556c4c4c10 .scope generate, "register[23]" "register[23]" 6 60, 6 60 0, S_000002556c211e30;
 .timescale 0 0;
P_000002556c253a90 .param/l "idx" 0 6 60, +C4<010111>;
v000002556c4c5f00_23 .array/port v000002556c4c5f00, 23;
L_000002556c23b220 .functor BUFZ 32, v000002556c4c5f00_23, C4<00000000000000000000000000000000>, C4<00000000000000000000000000000000>, C4<00000000000000000000000000000000>;
v000002556c29ab20_0 .net "tmp", 31 0, L_000002556c23b220;  1 drivers
S_000002556c4c53e0 .scope generate, "register[24]" "register[24]" 6 60, 6 60 0, S_000002556c211e30;
 .timescale 0 0;
P_000002556c254490 .param/l "idx" 0 6 60, +C4<011000>;
v000002556c4c5f00_24 .array/port v000002556c4c5f00, 24;
L_000002556c23bd80 .functor BUFZ 32, v000002556c4c5f00_24, C4<00000000000000000000000000000000>, C4<00000000000000000000000000000000>, C4<00000000000000000000000000000000>;
v000002556c29bc00_0 .net "tmp", 31 0, L_000002556c23bd80;  1 drivers
S_000002556c4c4120 .scope generate, "register[25]" "register[25]" 6 60, 6 60 0, S_000002556c211e30;
 .timescale 0 0;
P_000002556c254590 .param/l "idx" 0 6 60, +C4<011001>;
v000002556c4c5f00_25 .array/port v000002556c4c5f00, 25;
L_000002556c23b680 .functor BUFZ 32, v000002556c4c5f00_25, C4<00000000000000000000000000000000>, C4<00000000000000000000000000000000>, C4<00000000000000000000000000000000>;
v000002556c29ae40_0 .net "tmp", 31 0, L_000002556c23b680;  1 drivers
S_000002556c4c4a80 .scope generate, "register[26]" "register[26]" 6 60, 6 60 0, S_000002556c211e30;
 .timescale 0 0;
P_000002556c253c50 .param/l "idx" 0 6 60, +C4<011010>;
v000002556c4c5f00_26 .array/port v000002556c4c5f00, 26;
L_000002556c23bdf0 .functor BUFZ 32, v000002556c4c5f00_26, C4<00000000000000000000000000000000>, C4<00000000000000000000000000000000>, C4<00000000000000000000000000000000>;
v000002556c29bd40_0 .net "tmp", 31 0, L_000002556c23bdf0;  1 drivers
S_000002556c4c3ae0 .scope generate, "register[27]" "register[27]" 6 60, 6 60 0, S_000002556c211e30;
 .timescale 0 0;
P_000002556c254410 .param/l "idx" 0 6 60, +C4<011011>;
v000002556c4c5f00_27 .array/port v000002556c4c5f00, 27;
L_000002556c23bf40 .functor BUFZ 32, v000002556c4c5f00_27, C4<00000000000000000000000000000000>, C4<00000000000000000000000000000000>, C4<00000000000000000000000000000000>;
v000002556c29af80_0 .net "tmp", 31 0, L_000002556c23bf40;  1 drivers
S_000002556c4c4f30 .scope generate, "register[28]" "register[28]" 6 60, 6 60 0, S_000002556c211e30;
 .timescale 0 0;
P_000002556c2545d0 .param/l "idx" 0 6 60, +C4<011100>;
v000002556c4c5f00_28 .array/port v000002556c4c5f00, 28;
L_000002556c23b4c0 .functor BUFZ 32, v000002556c4c5f00_28, C4<00000000000000000000000000000000>, C4<00000000000000000000000000000000>, C4<00000000000000000000000000000000>;
v000002556c29b160_0 .net "tmp", 31 0, L_000002556c23b4c0;  1 drivers
S_000002556c4c50c0 .scope generate, "register[29]" "register[29]" 6 60, 6 60 0, S_000002556c211e30;
 .timescale 0 0;
P_000002556c2542d0 .param/l "idx" 0 6 60, +C4<011101>;
v000002556c4c5f00_29 .array/port v000002556c4c5f00, 29;
L_000002556c23b290 .functor BUFZ 32, v000002556c4c5f00_29, C4<00000000000000000000000000000000>, C4<00000000000000000000000000000000>, C4<00000000000000000000000000000000>;
v000002556c29b480_0 .net "tmp", 31 0, L_000002556c23b290;  1 drivers
S_000002556c4c3950 .scope generate, "register[30]" "register[30]" 6 60, 6 60 0, S_000002556c211e30;
 .timescale 0 0;
P_000002556c253ad0 .param/l "idx" 0 6 60, +C4<011110>;
v000002556c4c5f00_30 .array/port v000002556c4c5f00, 30;
L_000002556c23b300 .functor BUFZ 32, v000002556c4c5f00_30, C4<00000000000000000000000000000000>, C4<00000000000000000000000000000000>, C4<00000000000000000000000000000000>;
v000002556c4c6b80_0 .net "tmp", 31 0, L_000002556c23b300;  1 drivers
S_000002556c4c3e00 .scope generate, "register[31]" "register[31]" 6 60, 6 60 0, S_000002556c211e30;
 .timescale 0 0;
P_000002556c2544d0 .param/l "idx" 0 6 60, +C4<011111>;
v000002556c4c5f00_31 .array/port v000002556c4c5f00, 31;
L_000002556c23b370 .functor BUFZ 32, v000002556c4c5f00_31, C4<00000000000000000000000000000000>, C4<00000000000000000000000000000000>, C4<00000000000000000000000000000000>;
v000002556c4c7080_0 .net "tmp", 31 0, L_000002556c23b370;  1 drivers
S_000002556c4c5250 .scope generate, "register[32]" "register[32]" 6 60, 6 60 0, S_000002556c211e30;
 .timescale 0 0;
P_000002556c253fd0 .param/l "idx" 0 6 60, +C4<0100000>;
v000002556c4c5f00_32 .array/port v000002556c4c5f00, 32;
L_000002556c29e6e0 .functor BUFZ 32, v000002556c4c5f00_32, C4<00000000000000000000000000000000>, C4<00000000000000000000000000000000>, C4<00000000000000000000000000000000>;
v000002556c4c6c20_0 .net "tmp", 31 0, L_000002556c29e6e0;  1 drivers
S_000002556c4c3c70 .scope generate, "register[33]" "register[33]" 6 60, 6 60 0, S_000002556c211e30;
 .timescale 0 0;
P_000002556c253d10 .param/l "idx" 0 6 60, +C4<0100001>;
v000002556c4c5f00_33 .array/port v000002556c4c5f00, 33;
L_000002556c29e7c0 .functor BUFZ 32, v000002556c4c5f00_33, C4<00000000000000000000000000000000>, C4<00000000000000000000000000000000>, C4<00000000000000000000000000000000>;
v000002556c4c7120_0 .net "tmp", 31 0, L_000002556c29e7c0;  1 drivers
S_000002556c4c5570 .scope generate, "register[34]" "register[34]" 6 60, 6 60 0, S_000002556c211e30;
 .timescale 0 0;
P_000002556c253e90 .param/l "idx" 0 6 60, +C4<0100010>;
v000002556c4c5f00_34 .array/port v000002556c4c5f00, 34;
L_000002556c29e3d0 .functor BUFZ 32, v000002556c4c5f00_34, C4<00000000000000000000000000000000>, C4<00000000000000000000000000000000>, C4<00000000000000000000000000000000>;
v000002556c4c6ae0_0 .net "tmp", 31 0, L_000002556c29e3d0;  1 drivers
S_000002556c4c5700 .scope generate, "register[35]" "register[35]" 6 60, 6 60 0, S_000002556c211e30;
 .timescale 0 0;
P_000002556c253d90 .param/l "idx" 0 6 60, +C4<0100011>;
v000002556c4c5f00_35 .array/port v000002556c4c5f00, 35;
L_000002556c29e130 .functor BUFZ 32, v000002556c4c5f00_35, C4<00000000000000000000000000000000>, C4<00000000000000000000000000000000>, C4<00000000000000000000000000000000>;
v000002556c4c5fa0_0 .net "tmp", 31 0, L_000002556c29e130;  1 drivers
S_000002556c4c3f90 .scope generate, "register[36]" "register[36]" 6 60, 6 60 0, S_000002556c211e30;
 .timescale 0 0;
P_000002556c2540d0 .param/l "idx" 0 6 60, +C4<0100100>;
v000002556c4c5f00_36 .array/port v000002556c4c5f00, 36;
L_000002556c29e830 .functor BUFZ 32, v000002556c4c5f00_36, C4<00000000000000000000000000000000>, C4<00000000000000000000000000000000>, C4<00000000000000000000000000000000>;
v000002556c4c60e0_0 .net "tmp", 31 0, L_000002556c29e830;  1 drivers
S_000002556c4c42b0 .scope generate, "register[37]" "register[37]" 6 60, 6 60 0, S_000002556c211e30;
 .timescale 0 0;
P_000002556c254310 .param/l "idx" 0 6 60, +C4<0100101>;
v000002556c4c5f00_37 .array/port v000002556c4c5f00, 37;
L_000002556c29e600 .functor BUFZ 32, v000002556c4c5f00_37, C4<00000000000000000000000000000000>, C4<00000000000000000000000000000000>, C4<00000000000000000000000000000000>;
v000002556c4c6680_0 .net "tmp", 31 0, L_000002556c29e600;  1 drivers
S_000002556c4c4440 .scope generate, "register[38]" "register[38]" 6 60, 6 60 0, S_000002556c211e30;
 .timescale 0 0;
P_000002556c254050 .param/l "idx" 0 6 60, +C4<0100110>;
v000002556c4c5f00_38 .array/port v000002556c4c5f00, 38;
L_000002556c29e8a0 .functor BUFZ 32, v000002556c4c5f00_38, C4<00000000000000000000000000000000>, C4<00000000000000000000000000000000>, C4<00000000000000000000000000000000>;
v000002556c4c6fe0_0 .net "tmp", 31 0, L_000002556c29e8a0;  1 drivers
S_000002556c4c45d0 .scope generate, "register[39]" "register[39]" 6 60, 6 60 0, S_000002556c211e30;
 .timescale 0 0;
P_000002556c253910 .param/l "idx" 0 6 60, +C4<0100111>;
v000002556c4c5f00_39 .array/port v000002556c4c5f00, 39;
L_000002556c29e210 .functor BUFZ 32, v000002556c4c5f00_39, C4<00000000000000000000000000000000>, C4<00000000000000000000000000000000>, C4<00000000000000000000000000000000>;
v000002556c4c6cc0_0 .net "tmp", 31 0, L_000002556c29e210;  1 drivers
S_000002556c4c4760 .scope generate, "register[40]" "register[40]" 6 60, 6 60 0, S_000002556c211e30;
 .timescale 0 0;
P_000002556c253890 .param/l "idx" 0 6 60, +C4<0101000>;
v000002556c4c5f00_40 .array/port v000002556c4c5f00, 40;
L_000002556c29e670 .functor BUFZ 32, v000002556c4c5f00_40, C4<00000000000000000000000000000000>, C4<00000000000000000000000000000000>, C4<00000000000000000000000000000000>;
v000002556c4c5d20_0 .net "tmp", 31 0, L_000002556c29e670;  1 drivers
S_000002556c4c48f0 .scope generate, "register[41]" "register[41]" 6 60, 6 60 0, S_000002556c211e30;
 .timescale 0 0;
P_000002556c254110 .param/l "idx" 0 6 60, +C4<0101001>;
v000002556c4c5f00_41 .array/port v000002556c4c5f00, 41;
L_000002556c29daa0 .functor BUFZ 32, v000002556c4c5f00_41, C4<00000000000000000000000000000000>, C4<00000000000000000000000000000000>, C4<00000000000000000000000000000000>;
v000002556c4c6d60_0 .net "tmp", 31 0, L_000002556c29daa0;  1 drivers
S_000002556c4ccc40 .scope generate, "register[42]" "register[42]" 6 60, 6 60 0, S_000002556c211e30;
 .timescale 0 0;
P_000002556c253e10 .param/l "idx" 0 6 60, +C4<0101010>;
v000002556c4c5f00_42 .array/port v000002556c4c5f00, 42;
L_000002556c29e980 .functor BUFZ 32, v000002556c4c5f00_42, C4<00000000000000000000000000000000>, C4<00000000000000000000000000000000>, C4<00000000000000000000000000000000>;
v000002556c4c6540_0 .net "tmp", 31 0, L_000002556c29e980;  1 drivers
S_000002556c4cc920 .scope generate, "register[43]" "register[43]" 6 60, 6 60 0, S_000002556c211e30;
 .timescale 0 0;
P_000002556c253c90 .param/l "idx" 0 6 60, +C4<0101011>;
v000002556c4c5f00_43 .array/port v000002556c4c5f00, 43;
L_000002556c29e2f0 .functor BUFZ 32, v000002556c4c5f00_43, C4<00000000000000000000000000000000>, C4<00000000000000000000000000000000>, C4<00000000000000000000000000000000>;
v000002556c4c6a40_0 .net "tmp", 31 0, L_000002556c29e2f0;  1 drivers
S_000002556c4cbca0 .scope generate, "register[44]" "register[44]" 6 60, 6 60 0, S_000002556c211e30;
 .timescale 0 0;
P_000002556c253d50 .param/l "idx" 0 6 60, +C4<0101100>;
v000002556c4c5f00_44 .array/port v000002556c4c5f00, 44;
L_000002556c29e360 .functor BUFZ 32, v000002556c4c5f00_44, C4<00000000000000000000000000000000>, C4<00000000000000000000000000000000>, C4<00000000000000000000000000000000>;
v000002556c4c6f40_0 .net "tmp", 31 0, L_000002556c29e360;  1 drivers
S_000002556c4cb980 .scope generate, "register[45]" "register[45]" 6 60, 6 60 0, S_000002556c211e30;
 .timescale 0 0;
P_000002556c254190 .param/l "idx" 0 6 60, +C4<0101101>;
v000002556c4c5f00_45 .array/port v000002556c4c5f00, 45;
L_000002556c29e910 .functor BUFZ 32, v000002556c4c5f00_45, C4<00000000000000000000000000000000>, C4<00000000000000000000000000000000>, C4<00000000000000000000000000000000>;
v000002556c4c6180_0 .net "tmp", 31 0, L_000002556c29e910;  1 drivers
S_000002556c4ccab0 .scope generate, "register[46]" "register[46]" 6 60, 6 60 0, S_000002556c211e30;
 .timescale 0 0;
P_000002556c254150 .param/l "idx" 0 6 60, +C4<0101110>;
v000002556c4c5f00_46 .array/port v000002556c4c5f00, 46;
L_000002556c29db10 .functor BUFZ 32, v000002556c4c5f00_46, C4<00000000000000000000000000000000>, C4<00000000000000000000000000000000>, C4<00000000000000000000000000000000>;
v000002556c4c6e00_0 .net "tmp", 31 0, L_000002556c29db10;  1 drivers
S_000002556c4cd5a0 .scope generate, "register[47]" "register[47]" 6 60, 6 60 0, S_000002556c211e30;
 .timescale 0 0;
P_000002556c253e50 .param/l "idx" 0 6 60, +C4<0101111>;
v000002556c4c5f00_47 .array/port v000002556c4c5f00, 47;
L_000002556c29e440 .functor BUFZ 32, v000002556c4c5f00_47, C4<00000000000000000000000000000000>, C4<00000000000000000000000000000000>, C4<00000000000000000000000000000000>;
v000002556c4c71c0_0 .net "tmp", 31 0, L_000002556c29e440;  1 drivers
S_000002556c4cd410 .scope generate, "register[48]" "register[48]" 6 60, 6 60 0, S_000002556c211e30;
 .timescale 0 0;
P_000002556c253bd0 .param/l "idx" 0 6 60, +C4<0110000>;
v000002556c4c5f00_48 .array/port v000002556c4c5f00, 48;
L_000002556c29dc60 .functor BUFZ 32, v000002556c4c5f00_48, C4<00000000000000000000000000000000>, C4<00000000000000000000000000000000>, C4<00000000000000000000000000000000>;
v000002556c4c6ea0_0 .net "tmp", 31 0, L_000002556c29dc60;  1 drivers
S_000002556c4cbb10 .scope generate, "register[49]" "register[49]" 6 60, 6 60 0, S_000002556c211e30;
 .timescale 0 0;
P_000002556c254610 .param/l "idx" 0 6 60, +C4<0110001>;
v000002556c4c5f00_49 .array/port v000002556c4c5f00, 49;
L_000002556c29db80 .functor BUFZ 32, v000002556c4c5f00_49, C4<00000000000000000000000000000000>, C4<00000000000000000000000000000000>, C4<00000000000000000000000000000000>;
v000002556c4c5be0_0 .net "tmp", 31 0, L_000002556c29db80;  1 drivers
S_000002556c4cd730 .scope generate, "register[50]" "register[50]" 6 60, 6 60 0, S_000002556c211e30;
 .timescale 0 0;
P_000002556c253710 .param/l "idx" 0 6 60, +C4<0110010>;
v000002556c4c5f00_50 .array/port v000002556c4c5f00, 50;
L_000002556c29e750 .functor BUFZ 32, v000002556c4c5f00_50, C4<00000000000000000000000000000000>, C4<00000000000000000000000000000000>, C4<00000000000000000000000000000000>;
v000002556c4c7260_0 .net "tmp", 31 0, L_000002556c29e750;  1 drivers
S_000002556c4cbe30 .scope generate, "register[51]" "register[51]" 6 60, 6 60 0, S_000002556c211e30;
 .timescale 0 0;
P_000002556c254390 .param/l "idx" 0 6 60, +C4<0110011>;
v000002556c4c5f00_51 .array/port v000002556c4c5f00, 51;
L_000002556c29dbf0 .functor BUFZ 32, v000002556c4c5f00_51, C4<00000000000000000000000000000000>, C4<00000000000000000000000000000000>, C4<00000000000000000000000000000000>;
v000002556c4c7300_0 .net "tmp", 31 0, L_000002556c29dbf0;  1 drivers
S_000002556c4cc150 .scope generate, "register[52]" "register[52]" 6 60, 6 60 0, S_000002556c211e30;
 .timescale 0 0;
P_000002556c254210 .param/l "idx" 0 6 60, +C4<0110100>;
v000002556c4c5f00_52 .array/port v000002556c4c5f00, 52;
L_000002556c29e4b0 .functor BUFZ 32, v000002556c4c5f00_52, C4<00000000000000000000000000000000>, C4<00000000000000000000000000000000>, C4<00000000000000000000000000000000>;
v000002556c4c67c0_0 .net "tmp", 31 0, L_000002556c29e4b0;  1 drivers
S_000002556c4cbfc0 .scope generate, "register[53]" "register[53]" 6 60, 6 60 0, S_000002556c211e30;
 .timescale 0 0;
P_000002556c253750 .param/l "idx" 0 6 60, +C4<0110101>;
v000002556c4c5f00_53 .array/port v000002556c4c5f00, 53;
L_000002556c29e520 .functor BUFZ 32, v000002556c4c5f00_53, C4<00000000000000000000000000000000>, C4<00000000000000000000000000000000>, C4<00000000000000000000000000000000>;
v000002556c4c73a0_0 .net "tmp", 31 0, L_000002556c29e520;  1 drivers
S_000002556c4cc2e0 .scope generate, "register[54]" "register[54]" 6 60, 6 60 0, S_000002556c211e30;
 .timescale 0 0;
P_000002556c253b10 .param/l "idx" 0 6 60, +C4<0110110>;
v000002556c4c5f00_54 .array/port v000002556c4c5f00, 54;
L_000002556c29dcd0 .functor BUFZ 32, v000002556c4c5f00_54, C4<00000000000000000000000000000000>, C4<00000000000000000000000000000000>, C4<00000000000000000000000000000000>;
v000002556c4c7440_0 .net "tmp", 31 0, L_000002556c29dcd0;  1 drivers
S_000002556c4cc470 .scope generate, "register[55]" "register[55]" 6 60, 6 60 0, S_000002556c211e30;
 .timescale 0 0;
P_000002556c253f90 .param/l "idx" 0 6 60, +C4<0110111>;
v000002556c4c5f00_55 .array/port v000002556c4c5f00, 55;
L_000002556c29e590 .functor BUFZ 32, v000002556c4c5f00_55, C4<00000000000000000000000000000000>, C4<00000000000000000000000000000000>, C4<00000000000000000000000000000000>;
v000002556c4c74e0_0 .net "tmp", 31 0, L_000002556c29e590;  1 drivers
S_000002556c4ccdd0 .scope generate, "register[56]" "register[56]" 6 60, 6 60 0, S_000002556c211e30;
 .timescale 0 0;
P_000002556c2539d0 .param/l "idx" 0 6 60, +C4<0111000>;
v000002556c4c5f00_56 .array/port v000002556c4c5f00, 56;
L_000002556c29e050 .functor BUFZ 32, v000002556c4c5f00_56, C4<00000000000000000000000000000000>, C4<00000000000000000000000000000000>, C4<00000000000000000000000000000000>;
v000002556c4c7580_0 .net "tmp", 31 0, L_000002556c29e050;  1 drivers
S_000002556c4ccf60 .scope generate, "register[57]" "register[57]" 6 60, 6 60 0, S_000002556c211e30;
 .timescale 0 0;
P_000002556c254010 .param/l "idx" 0 6 60, +C4<0111001>;
v000002556c4c5f00_57 .array/port v000002556c4c5f00, 57;
L_000002556c29dd40 .functor BUFZ 32, v000002556c4c5f00_57, C4<00000000000000000000000000000000>, C4<00000000000000000000000000000000>, C4<00000000000000000000000000000000>;
v000002556c4c64a0_0 .net "tmp", 31 0, L_000002556c29dd40;  1 drivers
S_000002556c4cc600 .scope generate, "register[58]" "register[58]" 6 60, 6 60 0, S_000002556c211e30;
 .timescale 0 0;
P_000002556c253c10 .param/l "idx" 0 6 60, +C4<0111010>;
v000002556c4c5f00_58 .array/port v000002556c4c5f00, 58;
L_000002556c29ddb0 .functor BUFZ 32, v000002556c4c5f00_58, C4<00000000000000000000000000000000>, C4<00000000000000000000000000000000>, C4<00000000000000000000000000000000>;
v000002556c4c7620_0 .net "tmp", 31 0, L_000002556c29ddb0;  1 drivers
S_000002556c4cc790 .scope generate, "register[59]" "register[59]" 6 60, 6 60 0, S_000002556c211e30;
 .timescale 0 0;
P_000002556c254090 .param/l "idx" 0 6 60, +C4<0111011>;
v000002556c4c5f00_59 .array/port v000002556c4c5f00, 59;
L_000002556c29de90 .functor BUFZ 32, v000002556c4c5f00_59, C4<00000000000000000000000000000000>, C4<00000000000000000000000000000000>, C4<00000000000000000000000000000000>;
v000002556c4c5b40_0 .net "tmp", 31 0, L_000002556c29de90;  1 drivers
S_000002556c4cd0f0 .scope generate, "register[60]" "register[60]" 6 60, 6 60 0, S_000002556c211e30;
 .timescale 0 0;
P_000002556c254250 .param/l "idx" 0 6 60, +C4<0111100>;
v000002556c4c5f00_60 .array/port v000002556c4c5f00, 60;
L_000002556c29df70 .functor BUFZ 32, v000002556c4c5f00_60, C4<00000000000000000000000000000000>, C4<00000000000000000000000000000000>, C4<00000000000000000000000000000000>;
v000002556c4c6860_0 .net "tmp", 31 0, L_000002556c29df70;  1 drivers
S_000002556c4cd280 .scope generate, "register[61]" "register[61]" 6 60, 6 60 0, S_000002556c211e30;
 .timescale 0 0;
P_000002556c254290 .param/l "idx" 0 6 60, +C4<0111101>;
v000002556c4c5f00_61 .array/port v000002556c4c5f00, 61;
L_000002556c29de20 .functor BUFZ 32, v000002556c4c5f00_61, C4<00000000000000000000000000000000>, C4<00000000000000000000000000000000>, C4<00000000000000000000000000000000>;
v000002556c4c76c0_0 .net "tmp", 31 0, L_000002556c29de20;  1 drivers
S_000002556c4cdb20 .scope generate, "register[62]" "register[62]" 6 60, 6 60 0, S_000002556c211e30;
 .timescale 0 0;
P_000002556c254450 .param/l "idx" 0 6 60, +C4<0111110>;
v000002556c4c5f00_62 .array/port v000002556c4c5f00, 62;
L_000002556c29e280 .functor BUFZ 32, v000002556c4c5f00_62, C4<00000000000000000000000000000000>, C4<00000000000000000000000000000000>, C4<00000000000000000000000000000000>;
v000002556c4c6220_0 .net "tmp", 31 0, L_000002556c29e280;  1 drivers
S_000002556c4ce7a0 .scope generate, "register[63]" "register[63]" 6 60, 6 60 0, S_000002556c211e30;
 .timescale 0 0;
P_000002556c253690 .param/l "idx" 0 6 60, +C4<0111111>;
v000002556c4c5f00_63 .array/port v000002556c4c5f00, 63;
L_000002556c29dfe0 .functor BUFZ 32, v000002556c4c5f00_63, C4<00000000000000000000000000000000>, C4<00000000000000000000000000000000>, C4<00000000000000000000000000000000>;
v000002556c4c65e0_0 .net "tmp", 31 0, L_000002556c29dfe0;  1 drivers
    .scope S_000002556c2147a0;
T_0 ;
    %wait E_000002556c253150;
    %load/vec4 v000002556c2149d0_0;
    %dup/vec4;
    %pushi/vec4 0, 0, 5;
    %cmp/u;
    %jmp/1 T_0.0, 6;
    %dup/vec4;
    %pushi/vec4 31, 0, 5;
    %cmp/u;
    %jmp/1 T_0.1, 6;
    %dup/vec4;
    %pushi/vec4 16, 0, 5;
    %cmp/u;
    %jmp/1 T_0.2, 6;
    %dup/vec4;
    %pushi/vec4 17, 0, 5;
    %cmp/u;
    %jmp/1 T_0.3, 6;
    %dup/vec4;
    %pushi/vec4 18, 0, 5;
    %cmp/u;
    %jmp/1 T_0.4, 6;
    %dup/vec4;
    %pushi/vec4 20, 0, 5;
    %cmp/u;
    %jmp/1 T_0.5, 6;
    %dup/vec4;
    %pushi/vec4 21, 0, 5;
    %cmp/u;
    %jmp/1 T_0.6, 6;
    %dup/vec4;
    %pushi/vec4 22, 0, 5;
    %cmp/u;
    %jmp/1 T_0.7, 6;
    %dup/vec4;
    %pushi/vec4 23, 0, 5;
    %cmp/u;
    %jmp/1 T_0.8, 6;
    %pushi/vec4 4294967295, 4294967295, 32;
    %store/vec4 v000002556c4c2740_0, 0, 32;
    %pushi/vec4 1, 1, 1;
    %store/vec4 v000002556c20c2b0_0, 0, 1;
    %pushi/vec4 1, 1, 1;
    %store/vec4 v000002556c25e800_0, 0, 1;
    %pushi/vec4 1, 1, 1;
    %store/vec4 v000002556c25c750_0, 0, 1;
    %pushi/vec4 1, 1, 1;
    %store/vec4 v000002556c214930_0, 0, 1;
    %jmp T_0.10;
T_0.0 ;
    %pushi/vec4 4294967295, 4294967295, 32;
    %store/vec4 v000002556c4c2740_0, 0, 32;
    %pushi/vec4 1, 1, 1;
    %store/vec4 v000002556c20c2b0_0, 0, 1;
    %pushi/vec4 1, 1, 1;
    %store/vec4 v000002556c25e800_0, 0, 1;
    %pushi/vec4 1, 1, 1;
    %store/vec4 v000002556c25c750_0, 0, 1;
    %pushi/vec4 1, 1, 1;
    %store/vec4 v000002556c214930_0, 0, 1;
    %jmp T_0.10;
T_0.1 ;
    %pushi/vec4 4294967295, 4294967295, 32;
    %store/vec4 v000002556c4c2740_0, 0, 32;
    %pushi/vec4 1, 1, 1;
    %store/vec4 v000002556c20c2b0_0, 0, 1;
    %pushi/vec4 1, 1, 1;
    %store/vec4 v000002556c25e800_0, 0, 1;
    %pushi/vec4 1, 1, 1;
    %store/vec4 v000002556c25c750_0, 0, 1;
    %pushi/vec4 1, 1, 1;
    %store/vec4 v000002556c214930_0, 0, 1;
    %jmp T_0.10;
T_0.2 ;
    %load/vec4 v000002556c4c26a0_0;
    %inv;
    %store/vec4 v000002556c4c2740_0, 0, 32;
    %pushi/vec4 0, 0, 1;
    %store/vec4 v000002556c20c2b0_0, 0, 1;
    %load/vec4 v000002556c4c2740_0;
    %parti/s 1, 31, 6;
    %store/vec4 v000002556c25e800_0, 0, 1;
    %pushi/vec4 0, 0, 1;
    %store/vec4 v000002556c25c750_0, 0, 1;
    %load/vec4 v000002556c4c2740_0;
    %or/r;
    %inv;
    %store/vec4 v000002556c214930_0, 0, 1;
    %jmp T_0.10;
T_0.3 ;
    %load/vec4 v000002556c4c26a0_0;
    %load/vec4 v000002556c4c2920_0;
    %and;
    %store/vec4 v000002556c4c2740_0, 0, 32;
    %pushi/vec4 0, 0, 1;
    %store/vec4 v000002556c20c2b0_0, 0, 1;
    %load/vec4 v000002556c4c2740_0;
    %parti/s 1, 31, 6;
    %store/vec4 v000002556c25e800_0, 0, 1;
    %pushi/vec4 0, 0, 1;
    %store/vec4 v000002556c25c750_0, 0, 1;
    %load/vec4 v000002556c4c2740_0;
    %or/r;
    %inv;
    %store/vec4 v000002556c214930_0, 0, 1;
    %jmp T_0.10;
T_0.4 ;
    %load/vec4 v000002556c4c26a0_0;
    %load/vec4 v000002556c4c2920_0;
    %or;
    %store/vec4 v000002556c4c2740_0, 0, 32;
    %pushi/vec4 0, 0, 1;
    %store/vec4 v000002556c20c2b0_0, 0, 1;
    %load/vec4 v000002556c4c2740_0;
    %parti/s 1, 31, 6;
    %store/vec4 v000002556c25e800_0, 0, 1;
    %pushi/vec4 0, 0, 1;
    %store/vec4 v000002556c25c750_0, 0, 1;
    %load/vec4 v000002556c4c2740_0;
    %or/r;
    %inv;
    %store/vec4 v000002556c214930_0, 0, 1;
    %jmp T_0.10;
T_0.5 ;
    %load/vec4 v000002556c4c26a0_0;
    %inv;
    %pushi/vec4 1, 0, 32;
    %add;
    %store/vec4 v000002556c4c2740_0, 0, 32;
    %pushi/vec4 0, 0, 1;
    %store/vec4 v000002556c20c2b0_0, 0, 1;
    %load/vec4 v000002556c4c2740_0;
    %parti/s 1, 31, 6;
    %store/vec4 v000002556c25e800_0, 0, 1;
    %pushi/vec4 0, 0, 1;
    %store/vec4 v000002556c25c750_0, 0, 1;
    %load/vec4 v000002556c4c2740_0;
    %or/r;
    %inv;
    %store/vec4 v000002556c214930_0, 0, 1;
    %jmp T_0.10;
T_0.6 ;
    %load/vec4 v000002556c4c26a0_0;
    %pad/u 33;
    %load/vec4 v000002556c4c2920_0;
    %pad/u 33;
    %add;
    %split/vec4 32;
    %store/vec4 v000002556c4c2740_0, 0, 32;
    %store/vec4 v000002556c20c2b0_0, 0, 1;
    %load/vec4 v000002556c4c2740_0;
    %parti/s 1, 31, 6;
    %store/vec4 v000002556c25e800_0, 0, 1;
    %load/vec4 v000002556c4c26a0_0;
    %parti/s 1, 31, 6;
    %load/vec4 v000002556c4c2920_0;
    %parti/s 1, 31, 6;
    %cmp/e;
    %flag_get/vec4 4;
    %load/vec4 v000002556c4c26a0_0;
    %parti/s 1, 31, 6;
    %load/vec4 v000002556c4c2740_0;
    %parti/s 1, 31, 6;
    %cmp/ne;
    %flag_get/vec4 4;
    %and;
    %store/vec4 v000002556c25c750_0, 0, 1;
    %load/vec4 v000002556c4c2740_0;
    %or/r;
    %inv;
    %store/vec4 v000002556c214930_0, 0, 1;
    %jmp T_0.10;
T_0.7 ;
    %load/vec4 v000002556c4c26a0_0;
    %pad/u 33;
    %load/vec4 v000002556c4c2920_0;
    %pad/u 33;
    %sub;
    %split/vec4 32;
    %store/vec4 v000002556c4c2740_0, 0, 32;
    %store/vec4 v000002556c20c2b0_0, 0, 1;
    %load/vec4 v000002556c4c2740_0;
    %parti/s 1, 31, 6;
    %store/vec4 v000002556c25e800_0, 0, 1;
    %load/vec4 v000002556c4c26a0_0;
    %parti/s 1, 31, 6;
    %load/vec4 v000002556c4c2920_0;
    %parti/s 1, 31, 6;
    %cmp/e;
    %flag_get/vec4 4;
    %load/vec4 v000002556c4c26a0_0;
    %parti/s 1, 31, 6;
    %load/vec4 v000002556c4c2740_0;
    %parti/s 1, 31, 6;
    %cmp/ne;
    %flag_get/vec4 4;
    %and;
    %store/vec4 v000002556c25c750_0, 0, 1;
    %load/vec4 v000002556c4c2740_0;
    %or/r;
    %inv;
    %store/vec4 v000002556c214930_0, 0, 1;
    %jmp T_0.10;
T_0.8 ;
    %load/vec4 v000002556c4c26a0_0;
    %pad/u 64;
    %load/vec4 v000002556c4c2920_0;
    %pad/u 64;
    %mul;
    %store/vec4 v000002556c4c29c0_0, 0, 64;
    %load/vec4 v000002556c4c29c0_0;
    %parti/s 32, 0, 2;
    %store/vec4 v000002556c4c2740_0, 0, 32;
    %load/vec4 v000002556c4c2740_0;
    %pad/u 1;
    %store/vec4 v000002556c25e800_0, 0, 1;
    %load/vec4 v000002556c4c29c0_0;
    %parti/s 32, 32, 7;
    %or/r;
    %store/vec4 v000002556c25c750_0, 0, 1;
    %load/vec4 v000002556c4c2740_0;
    %or/r;
    %inv;
    %store/vec4 v000002556c214930_0, 0, 1;
    %jmp T_0.10;
T_0.10 ;
    %pop/vec4 1;
    %jmp T_0;
    .thread T_0, $push;
    .scope S_000002556c214a70;
T_1 ;
    %wait E_000002556c253290;
    %load/vec4 v000002556c4c2880_0;
    %flag_set/vec4 8;
    %jmp/0xz  T_1.0, 8;
    %load/vec4 v000002556c4c27e0_0;
    %load/vec4 v000002556c4c2100_0;
    %pad/u 5;
    %ix/vec4 3;
    %ix/load 4, 0, 0; Constant delay
    %assign/vec4/a/d v000002556c4c2560, 0, 4;
T_1.0 ;
    %jmp T_1;
    .thread T_1;
    .scope S_000002556c214a70;
T_2 ;
    %wait E_000002556c252a90;
    %load/vec4 v000002556c4c22e0_0;
    %pad/u 5;
    %ix/vec4 4;
    %load/vec4a v000002556c4c2560, 4;
    %assign/vec4 v000002556c4c2380_0, 0;
    %jmp T_2;
    .thread T_2;
    .scope S_000002556c214a70;
T_3 ;
    %wait E_000002556c252690;
    %load/vec4 v000002556c4c2a60_0;
    %pad/u 5;
    %ix/vec4 4;
    %load/vec4a v000002556c4c2560, 4;
    %assign/vec4 v000002556c4c2b00_0, 0;
    %jmp T_3;
    .thread T_3;
    .scope S_000002556c20c120;
T_4 ;
    %wait E_000002556c253090;
    %load/vec4 v000002556c29c7e0_0;
    %flag_set/vec4 8;
    %jmp/0xz  T_4.0, 8;
    %pushi/vec4 0, 0, 4;
    %assign/vec4 v000002556c29ad00_0, 0;
    %pushi/vec4 0, 0, 16;
    %assign/vec4 v000002556c4c2600_0, 0;
    %jmp T_4.1;
T_4.0 ;
    %load/vec4 v000002556c29ad00_0;
    %dup/vec4;
    %pushi/vec4 0, 0, 4;
    %cmp/u;
    %jmp/1 T_4.2, 6;
    %dup/vec4;
    %pushi/vec4 1, 0, 4;
    %cmp/u;
    %jmp/1 T_4.3, 6;
    %dup/vec4;
    %pushi/vec4 2, 0, 4;
    %cmp/u;
    %jmp/1 T_4.4, 6;
    %dup/vec4;
    %pushi/vec4 3, 0, 4;
    %cmp/u;
    %jmp/1 T_4.5, 6;
    %dup/vec4;
    %pushi/vec4 4, 0, 4;
    %cmp/u;
    %jmp/1 T_4.6, 6;
    %dup/vec4;
    %pushi/vec4 5, 0, 4;
    %cmp/u;
    %jmp/1 T_4.7, 6;
    %dup/vec4;
    %pushi/vec4 6, 0, 4;
    %cmp/u;
    %jmp/1 T_4.8, 6;
    %dup/vec4;
    %pushi/vec4 7, 0, 4;
    %cmp/u;
    %jmp/1 T_4.9, 6;
    %dup/vec4;
    %pushi/vec4 8, 0, 4;
    %cmp/u;
    %jmp/1 T_4.10, 6;
    %dup/vec4;
    %pushi/vec4 9, 0, 4;
    %cmp/u;
    %jmp/1 T_4.11, 6;
    %pushi/vec4 10, 0, 4;
    %assign/vec4 v000002556c29ad00_0, 0;
    %jmp T_4.13;
T_4.2 ;
    %pushi/vec4 1, 0, 4;
    %assign/vec4 v000002556c29ad00_0, 0;
    %pushi/vec4 0, 0, 1;
    %assign/vec4 v000002556c29c2e0_0, 0;
    %pushi/vec4 0, 0, 1;
    %assign/vec4 v000002556c29b020_0, 0;
    %load/vec4 v000002556c4c2600_0;
    %assign/vec4 v000002556c4c2420_0, 0;
    %jmp T_4.13;
T_4.3 ;
    %pushi/vec4 2, 0, 4;
    %assign/vec4 v000002556c29ad00_0, 0;
    %load/vec4 v000002556c4c2600_0;
    %addi 1, 0, 16;
    %assign/vec4 v000002556c4c2600_0, 0;
    %load/vec4 v000002556c4c2c40_0;
    %assign/vec4 v000002556c4c21a0_0, 0;
    %jmp T_4.13;
T_4.4 ;
    %pushi/vec4 3, 0, 4;
    %assign/vec4 v000002556c29ad00_0, 0;
    %load/vec4 v000002556c4c21a0_0;
    %parti/s 8, 24, 6;
    %assign/vec4 v000002556c29ac60_0, 0;
    %load/vec4 v000002556c4c21a0_0;
    %parti/s 5, 27, 6;
    %assign/vec4 v000002556c29c740_0, 0;
    %load/vec4 v000002556c4c21a0_0;
    %parti/s 3, 16, 6;
    %assign/vec4 v000002556c4c2ec0_0, 0;
    %load/vec4 v000002556c4c21a0_0;
    %parti/s 16, 0, 2;
    %assign/vec4 v000002556c29ada0_0, 0;
    %load/vec4 v000002556c4c21a0_0;
    %parti/s 3, 16, 6;
    %assign/vec4 v000002556c4c2f60_0, 0;
    %load/vec4 v000002556c4c21a0_0;
    %parti/s 3, 0, 2;
    %assign/vec4 v000002556c4c24c0_0, 0;
    %load/vec4 v000002556c4c21a0_0;
    %parti/s 16, 0, 2;
    %assign/vec4 v000002556c29b2a0_0, 0;
    %load/vec4 v000002556c4c21a0_0;
    %parti/s 13, 3, 3;
    %assign/vec4 v000002556c29b0c0_0, 0;
    %jmp T_4.13;
T_4.5 ;
    %pushi/vec4 4, 0, 4;
    %assign/vec4 v000002556c29ad00_0, 0;
    %load/vec4 v000002556c29ac60_0;
    %pad/u 32;
    %cmpi/e 19, 0, 32;
    %jmp/0xz  T_4.14, 4;
    %pushi/vec4 0, 0, 1;
    %assign/vec4 v000002556c29c2e0_0, 0;
    %jmp T_4.15;
T_4.14 ;
    %pushi/vec4 16, 0, 32;
    %load/vec4 v000002556c29c740_0;
    %pad/u 32;
    %cmp/u;
    %flag_get/vec4 4;
    %flag_get/vec4 5;
    %or;
    %load/vec4 v000002556c29c740_0;
    %pad/u 32;
    %cmpi/u 25, 0, 32;
    %flag_get/vec4 4;
    %flag_get/vec4 5;
    %or;
    %and;
    %flag_set/vec4 8;
    %load/vec4 v000002556c29ac60_0;
    %pad/u 32;
    %cmpi/e 209, 0, 32;
    %flag_or 4, 8;
    %jmp/0xz  T_4.16, 4;
    %pushi/vec4 0, 0, 1;
    %assign/vec4 v000002556c29c2e0_0, 0;
T_4.16 ;
T_4.15 ;
    %jmp T_4.13;
T_4.6 ;
    %pushi/vec4 5, 0, 4;
    %assign/vec4 v000002556c29ad00_0, 0;
    %pushi/vec4 16, 0, 32;
    %load/vec4 v000002556c29c740_0;
    %pad/u 32;
    %cmp/u;
    %flag_get/vec4 4;
    %flag_get/vec4 5;
    %or;
    %load/vec4 v000002556c29c740_0;
    %pad/u 32;
    %cmpi/u 25, 0, 32;
    %flag_get/vec4 4;
    %flag_get/vec4 5;
    %or;
    %and;
    %flag_set/vec4 8;
    %jmp/0xz  T_4.18, 8;
    %load/vec4 v000002556c29b520_0;
    %assign/vec4 v000002556c29c560_0, 0;
    %load/vec4 v000002556c29b700_0;
    %assign/vec4 v000002556c29ba20_0, 0;
    %jmp T_4.19;
T_4.18 ;
    %load/vec4 v000002556c29ac60_0;
    %pad/u 32;
    %cmpi/e 209, 0, 32;
    %jmp/0xz  T_4.20, 4;
    %pushi/vec4 0, 0, 16;
    %assign/vec4 v000002556c29b200_0, 0;
    %load/vec4 v000002556c29b0c0_0;
    %ix/load 4, 0, 0;
    %ix/load 5, 0, 0;
    %flag_set/imm 4, 0;
    %assign/vec4/off/d v000002556c29b200_0, 4, 5;
    %load/vec4 v000002556c29b520_0;
    %assign/vec4 v000002556c29bde0_0, 0;
    %load/vec4 v000002556c29b700_0;
    %assign/vec4 v000002556c29aee0_0, 0;
    %jmp T_4.21;
T_4.20 ;
    %load/vec4 v000002556c29ac60_0;
    %pad/u 32;
    %cmpi/e 19, 0, 32;
    %jmp/0xz  T_4.22, 4;
    %load/vec4 v000002556c29b520_0;
    %assign/vec4 v000002556c29bde0_0, 0;
T_4.22 ;
T_4.21 ;
T_4.19 ;
    %jmp T_4.13;
T_4.7 ;
    %load/vec4 v000002556c29ac60_0;
    %pad/u 32;
    %cmpi/e 19, 0, 32;
    %jmp/0xz  T_4.24, 4;
    %pushi/vec4 6, 0, 4;
    %assign/vec4 v000002556c29ad00_0, 0;
    %jmp T_4.25;
T_4.24 ;
    %load/vec4 v000002556c29ac60_0;
    %pad/u 32;
    %cmpi/e 209, 0, 32;
    %jmp/0xz  T_4.26, 4;
    %load/vec4 v000002556c29bde0_0;
    %load/vec4 v000002556c29aee0_0;
    %cmp/ne;
    %jmp/0xz  T_4.28, 4;
    %load/vec4 v000002556c29b200_0;
    %assign/vec4 v000002556c4c2600_0, 0;
T_4.28 ;
    %pushi/vec4 0, 0, 4;
    %assign/vec4 v000002556c29ad00_0, 0;
    %jmp T_4.27;
T_4.26 ;
    %pushi/vec4 16, 0, 32;
    %load/vec4 v000002556c29c740_0;
    %pad/u 32;
    %cmp/u;
    %flag_get/vec4 4;
    %flag_get/vec4 5;
    %or;
    %load/vec4 v000002556c29c740_0;
    %pad/u 32;
    %cmpi/u 25, 0, 32;
    %flag_get/vec4 4;
    %flag_get/vec4 5;
    %or;
    %and;
    %flag_set/vec4 8;
    %jmp/0xz  T_4.30, 8;
    %load/vec4 v000002556c29c420_0;
    %store/vec4 v000002556c29c4c0_0, 0, 32;
T_4.30 ;
    %pushi/vec4 8, 0, 4;
    %assign/vec4 v000002556c29ad00_0, 0;
T_4.27 ;
T_4.25 ;
    %jmp T_4.13;
T_4.8 ;
    %pushi/vec4 7, 0, 4;
    %assign/vec4 v000002556c29ad00_0, 0;
    %load/vec4 v000002556c29bde0_0;
    %assign/vec4 v000002556c4c2ba0_0, 0;
    %load/vec4 v000002556c29b2a0_0;
    %assign/vec4 v000002556c4c2420_0, 0;
    %jmp T_4.13;
T_4.9 ;
    %pushi/vec4 0, 0, 4;
    %assign/vec4 v000002556c29ad00_0, 0;
    %pushi/vec4 1, 0, 1;
    %assign/vec4 v000002556c29b020_0, 0;
    %jmp T_4.13;
T_4.10 ;
    %pushi/vec4 9, 0, 4;
    %assign/vec4 v000002556c29ad00_0, 0;
    %pushi/vec4 16, 0, 32;
    %load/vec4 v000002556c29c740_0;
    %pad/u 32;
    %cmp/u;
    %flag_get/vec4 4;
    %flag_get/vec4 5;
    %or;
    %load/vec4 v000002556c29c740_0;
    %pad/u 32;
    %cmpi/u 25, 0, 32;
    %flag_get/vec4 4;
    %flag_get/vec4 5;
    %or;
    %and;
    %flag_set/vec4 8;
    %jmp/0xz  T_4.32, 8;
    %load/vec4 v000002556c29c4c0_0;
    %assign/vec4 v000002556c29abc0_0, 0;
    %jmp T_4.33;
T_4.32 ;
    %pushi/vec4 0, 0, 32;
    %assign/vec4 v000002556c29abc0_0, 0;
    %load/vec4 v000002556c29ada0_0;
    %ix/load 4, 0, 0;
    %ix/load 5, 0, 0;
    %flag_set/imm 4, 0;
    %assign/vec4/off/d v000002556c29abc0_0, 4, 5;
T_4.33 ;
    %jmp T_4.13;
T_4.11 ;
    %pushi/vec4 0, 0, 4;
    %assign/vec4 v000002556c29ad00_0, 0;
    %pushi/vec4 1, 0, 1;
    %assign/vec4 v000002556c29c2e0_0, 0;
    %jmp T_4.13;
T_4.13 ;
    %pop/vec4 1;
T_4.1 ;
    %jmp T_4;
    .thread T_4;
    .scope S_000002556c211e30;
T_5 ;
    %wait E_000002556c253290;
    %load/vec4 v000002556c4c5aa0_0;
    %flag_set/vec4 8;
    %jmp/0xz  T_5.0, 8;
    %load/vec4 v000002556c4c5960_0;
    %load/vec4 v000002556c4c62c0_0;
    %pad/u 18;
    %ix/vec4 3;
    %ix/load 4, 0, 0; Constant delay
    %assign/vec4/a/d v000002556c4c5f00, 0, 4;
T_5.0 ;
    %jmp T_5;
    .thread T_5;
    .scope S_000002556c211e30;
T_6 ;
    %pushi/vec4 150994957, 0, 32;
    %ix/load 4, 0, 0;
    %flag_set/imm 4, 0;
    %store/vec4a v000002556c4c5f00, 4, 0;
    %pushi/vec4 151060481, 0, 32;
    %ix/load 4, 1, 0;
    %flag_set/imm 4, 0;
    %store/vec4a v000002556c4c5f00, 4, 0;
    %pushi/vec4 151126017, 0, 32;
    %ix/load 4, 2, 0;
    %flag_set/imm 4, 0;
    %store/vec4a v000002556c4c5f00, 4, 0;
    %pushi/vec4 151191553, 0, 32;
    %ix/load 4, 3, 0;
    %flag_set/imm 4, 0;
    %store/vec4a v000002556c4c5f00, 4, 0;
    %pushi/vec4 3087073282, 0, 32;
    %ix/load 4, 4, 0;
    %flag_set/imm 4, 0;
    %store/vec4a v000002556c4c5f00, 4, 0;
    %pushi/vec4 2818703363, 0, 32;
    %ix/load 4, 5, 0;
    %flag_set/imm 4, 0;
    %store/vec4a v000002556c4c5f00, 4, 0;
    %pushi/vec4 3506438178, 0, 32;
    %ix/load 4, 6, 0;
    %flag_set/imm 4, 0;
    %store/vec4a v000002556c4c5f00, 4, 0;
    %pushi/vec4 318840640, 0, 32;
    %ix/load 4, 7, 0;
    %flag_set/imm 4, 0;
    %store/vec4a v000002556c4c5f00, 4, 0;
    %pushi/vec4 0, 0, 32;
    %ix/load 4, 8, 0;
    %flag_set/imm 4, 0;
    %store/vec4a v000002556c4c5f00, 4, 0;
    %end;
    .thread T_6;
    .scope S_000002556c20bf90;
T_7 ;
    %delay 5, 0;
    %load/vec4 v000002556c4c6900_0;
    %inv;
    %store/vec4 v000002556c4c6900_0, 0, 1;
    %jmp T_7;
    .thread T_7;
    .scope S_000002556c20bf90;
T_8 ;
    %vpi_call 2 23 "$dumpfile", "cpu.vcd" {0 0 0};
    %vpi_call 2 24 "$dumpvars" {0 0 0};
    %pushi/vec4 0, 0, 1;
    %store/vec4 v000002556c4c6900_0, 0, 1;
    %pushi/vec4 1, 0, 1;
    %store/vec4 v000002556c4c6400_0, 0, 1;
    %delay 10, 0;
    %pushi/vec4 0, 0, 1;
    %store/vec4 v000002556c4c6400_0, 0, 1;
    %delay 5000, 0;
    %vpi_call 2 27 "$finish" {0 0 0};
    %end;
    .thread T_8;
# The file index is used to find the file name in the following table.
:file_names 7;
    "N/A";
    "<interactive>";
    "cpu_tb.v";
    "cpu.v";
    "alu.v";
    "registros.v";
    "memoria.v";
